<?xml version="1.0" encoding="UTF-8"?>
<!-- Generated by org.testng.reporters.JUnitXMLReporter -->
<testsuite ignored="1" hostname="BSS-PC109" failures="1" tests="1" name="Epay Login Page test chrome" time="20.293" errors="0" timestamp="2022-12-29T16:56:11 PKT">
  <testcase classname="com.tests.LoginPageTest" name="lofinToWebsite" time="15.439">
    <failure type="java.lang.NullPointerException" message="Cannot invoke &amp;quot;org.openqa.selenium.WebElement.click()&amp;quot; because the return value of &amp;quot;com.mypages.LoginPage.getWelcomeDropdown()&amp;quot; is null">
      <![CDATA[java.lang.NullPointerException: Cannot invoke "org.openqa.selenium.WebElement.click()" because the return value of "com.mypages.LoginPage.getWelcomeDropdown()" is null
at com.mypages.LoginPage.performLogin(LoginPage.java:72)
at com.tests.LoginPageTest.lofinToWebsite(LoginPageTest.java:18)
at java.base/java.util.ArrayList.forEach(ArrayList.java:1511)
at java.base/java.util.concurrent.FutureTask.run(FutureTask.java:264)
at java.base/java.util.concurrent.ThreadPoolExecutor.runWorker(ThreadPoolExecutor.java:1136)
at java.base/java.util.concurrent.ThreadPoolExecutor$Worker.run(ThreadPoolExecutor.java:635)
at java.base/java.lang.Thread.run(Thread.java:833)
... Removed 18 stack frames]]>
    </failure>
  </testcase> <!-- lofinToWebsite -->
  <testcase classname="com.tests.LoginPageTest" name="getLoginPageTitle" time="0.0">
    <ignored/>
  </testcase> <!-- getLoginPageTitle -->
</testsuite> <!-- Epay Login Page test chrome -->
